<?xml version="1.0" encoding="UTF-8"?>
<!-- Generated by org.testng.reporters.JUnitReportReporter -->
<testsuite skipped="0" hostname="DESKTOP-AFROGMA" name="basicallocation.TestNGClass1" tests="11" failures="0" timestamp="25 Aug 2019 14:27:34 GMT" time="0.049" errors="0">
  <testcase name="loginTestCase" time="0.002" classname="basicallocation.TestNGClass1"/>
  <testcase name="loginTestCase" time="0.032" classname="basicallocation.TestNGClass1"/>
  <testcase name="loginTestCase" time="0.002" classname="basicallocation.TestNGClass1"/>
  <testcase name="loginTestCase" time="0.002" classname="basicallocation.TestNGClass1"/>
  <testcase name="loginTestCase" time="0.002" classname="basicallocation.TestNGClass1"/>
  <testcase name="loginTestCase" time="0.002" classname="basicallocation.TestNGClass1"/>
  <testcase name="loginTestCase" time="0.002" classname="basicallocation.TestNGClass1"/>
  <testcase name="loginTestCase" time="0.001" classname="basicallocation.TestNGClass1"/>
  <testcase name="loginTestCase" time="0.001" classname="basicallocation.TestNGClass1"/>
  <testcase name="loginTestCase" time="0.001" classname="basicallocation.TestNGClass1"/>
  <testcase name="loginTestCase" time="0.002" classname="basicallocation.TestNGClass1"/>
</testsuite> <!-- basicallocation.TestNGClass1 -->
