<?xml version="1.0" encoding="UTF-8"?>
<!-- Generated by org.testng.reporters.JUnitReportReporter -->
<testsuite skipped="2" hostname="DESKTOP-AFROGMA" name="basicAnnotation2.TestClass1" tests="2" failures="0" timestamp="26 Aug 2019 14:37:34 GMT" time="0.017" errors="0">
  <testcase name="test1" time="0.001" classname="basicAnnotation2.TestClass1">
    <skipped/>
  </testcase> <!-- test1 -->
  <testcase name="test2" time="0.016" classname="basicAnnotation2.TestClass1">
    <skipped/>
  </testcase> <!-- test2 -->
</testsuite> <!-- basicAnnotation2.TestClass1 -->
