<?xml version="1.0" encoding="UTF-8"?>
<!-- Generated by org.testng.reporters.JUnitReportReporter -->
<testsuite skipped="0" hostname="DESKTOP-AFROGMA" name="basicallocation.TestNGClass1" tests="11" failures="0" timestamp="23 Aug 2019 16:11:12 GMT" time="0.051" errors="0">
  <testcase name="loginTestCase" time="0.002" classname="basicallocation.TestNGClass1"/>
  <testcase name="loginTestCase" time="0.018" classname="basicallocation.TestNGClass1"/>
  <testcase name="loginTestCase" time="0.002" classname="basicallocation.TestNGClass1"/>
  <testcase name="loginTestCase" time="0.003" classname="basicallocation.TestNGClass1"/>
  <testcase name="loginTestCase" time="0.003" classname="basicallocation.TestNGClass1"/>
  <testcase name="loginTestCase" time="0.005" classname="basicallocation.TestNGClass1"/>
  <testcase name="loginTestCase" time="0.002" classname="basicallocation.TestNGClass1"/>
  <testcase name="loginTestCase" time="0.005" classname="basicallocation.TestNGClass1"/>
  <testcase name="loginTestCase" time="0.000" classname="basicallocation.TestNGClass1"/>
  <testcase name="loginTestCase" time="0.004" classname="basicallocation.TestNGClass1"/>
  <testcase name="loginTestCase" time="0.007" classname="basicallocation.TestNGClass1"/>
</testsuite> <!-- basicallocation.TestNGClass1 -->
