<?xml version="1.0" encoding="UTF-8"?>
<!-- Generated by org.testng.reporters.JUnitReportReporter -->
<testsuite skipped="0" hostname="DESKTOP-AFROGMA" name="basicselenium.Flipkart1" tests="1" failures="0" timestamp="4 Sep 2019 15:58:42 GMT" time="10.580" errors="0">
  <testcase name="test1" time="10.580" classname="basicselenium.Flipkart1"/>
</testsuite> <!-- basicselenium.Flipkart1 -->
