<?xml version="1.0" encoding="UTF-8"?>
<!-- Generated by org.testng.reporters.JUnitReportReporter -->
<testsuite skipped="0" hostname="DESKTOP-AFROGMA" name="basicselenium.TestClass2" tests="1" failures="0" timestamp="29 Aug 2019 15:51:42 GMT" time="104.118" errors="0">
  <testcase name="bookAFlight" time="104.118" classname="basicselenium.TestClass2"/>
</testsuite> <!-- basicselenium.TestClass2 -->
