<?xml version="1.0" encoding="UTF-8"?>
<!-- Generated by org.testng.reporters.JUnitReportReporter -->
<testsuite skipped="0" hostname="DESKTOP-AFROGMA" name="basicselenium.TestClass3" tests="1" failures="0" timestamp="30 Aug 2019 15:29:59 GMT" time="7.185" errors="0">
  <testcase name="test1" time="7.185" classname="basicselenium.TestClass3"/>
</testsuite> <!-- basicselenium.TestClass3 -->
