<?xml version="1.0" encoding="UTF-8"?>
<!-- Generated by org.testng.reporters.JUnitReportReporter -->
<testsuite skipped="0" hostname="DESKTOP-AFROGMA" name="basicselenium.FirstSeleniumClass" tests="2" failures="0" timestamp="29 Aug 2019 14:31:18 GMT" time="122.511" errors="0">
  <testcase name="login" time="121.292" classname="basicselenium.FirstSeleniumClass"/>
  <testcase name="logout" time="1.219" classname="basicselenium.FirstSeleniumClass"/>
</testsuite> <!-- basicselenium.FirstSeleniumClass -->
