<?xml version="1.0" encoding="UTF-8"?>
<!-- Generated by org.testng.reporters.JUnitReportReporter -->
<testsuite skipped="0" hostname="DESKTOP-AFROGMA" name="basicselenium.FirstSeleniumClass" tests="1" failures="0" timestamp="28 Aug 2019 15:57:47 GMT" time="24.355" errors="0">
  <testcase name="login" time="24.355" classname="basicselenium.FirstSeleniumClass"/>
</testsuite> <!-- basicselenium.FirstSeleniumClass -->
