<?xml version="1.0" encoding="UTF-8"?>
<!-- Generated by org.testng.reporters.JUnitReportReporter -->
<testsuite skipped="0" hostname="DESKTOP-AFROGMA" name="selassignment.oneway1" tests="1" failures="0" timestamp="2 Sep 2019 15:41:33 GMT" time="89.079" errors="0">
  <testcase name="login" time="89.079" classname="selassignment.oneway1"/>
</testsuite> <!-- selassignment.oneway1 -->
