<?xml version="1.0" encoding="UTF-8"?>
<!-- Generated by org.testng.reporters.JUnitReportReporter -->
<testsuite skipped="0" hostname="DESKTOP-AFROGMA" name="basicselenium.TestClass2" tests="1" failures="0" timestamp="30 Aug 2019 15:20:47 GMT" time="32.742" errors="0">
  <testcase name="bookAFlight" time="32.742" classname="basicselenium.TestClass2"/>
</testsuite> <!-- basicselenium.TestClass2 -->
