<?xml version="1.0" encoding="UTF-8"?>
<!-- Generated by org.testng.reporters.JUnitReportReporter -->
<testsuite skipped="0" hostname="DESKTOP-AFROGMA" name="basicselenium.Flipkart1" tests="1" failures="0" timestamp="5 Sep 2019 15:32:50 GMT" time="15.875" errors="0">
  <testcase name="test1" time="15.875" classname="basicselenium.Flipkart1"/>
</testsuite> <!-- basicselenium.Flipkart1 -->
