<?xml version="1.0" encoding="UTF-8"?>
<!-- Generated by org.testng.reporters.JUnitReportReporter -->
<testsuite skipped="0" hostname="DESKTOP-AFROGMA" name="basicselenium.TestCalss1" tests="2" failures="0" timestamp="29 Aug 2019 14:41:08 GMT" time="46.295" errors="0">
  <testcase name="login" time="46.289" classname="basicselenium.TestCalss1"/>
  <testcase name="logout" time="0.006" classname="basicselenium.TestCalss1"/>
</testsuite> <!-- basicselenium.TestCalss1 -->
