<?xml version="1.0" encoding="UTF-8"?>
<!-- Generated by org.testng.reporters.JUnitReportReporter -->
<testsuite skipped="0" hostname="DESKTOP-AFROGMA" name="basicselenium.DragAndDrop" tests="1" failures="0" timestamp="5 Sep 2019 15:48:25 GMT" time="12.815" errors="0">
  <testcase name="test1" time="12.815" classname="basicselenium.DragAndDrop"/>
</testsuite> <!-- basicselenium.DragAndDrop -->
